<?xml version="1.0" encoding="UTF-8" ?>
<testsuite errors="1" failures="0" hostname="Abankwah" name="AttendanceSpec" tests="1" time="73.662" timestamp="2013-12-28T05:36:16">
  <properties />
  <testcase classname="AttendanceSpec" name="User Login" time="72.11">
    <error message="failed to create driver from callback &apos;script1388208974142481600680$_run_closure1@5904747f&apos;" type="geb.driver.DriverCreationException">geb.driver.DriverCreationException: failed to create driver from callback &apos;script1388208974142481600680$_run_closure1@5904747f&apos;
	at geb.driver.CallbackDriverFactory.getDriver(CallbackDriverFactory.groovy:35)
	at geb.driver.CachingDriverFactory.getDriver_closure3(CachingDriverFactory.groovy:80)
	at geb.driver.CachingDriverFactory$SimpleCache.get(CachingDriverFactory.groovy:30)
	at geb.driver.CachingDriverFactory.getDriver(CachingDriverFactory.groovy:79)
	at geb.Configuration.createDriver(Configuration.groovy:354)
	at geb.Configuration.getDriver(Configuration.groovy:343)
	at geb.Browser.getDriver(Browser.groovy:105)
	at geb.Browser.go(Browser.groovy:394)
	at geb.Page.to(Page.groovy:184)
	at geb.Browser.via(Browser.groovy:475)
	at geb.Browser.to(Browser.groovy:434)
	at geb.Browser.to(Browser.groovy:412)
	at geb.spock.GebSpec.methodMissing(GebSpec.groovy:51)
	at AttendanceSpec.User Login(AttendanceSpec.groovy:13)
Caused by: org.openqa.selenium.WebDriverException: chrome not reachable
  (Driver info: chromedriver=2.8.241075,platform=Windows NT 6.2 x86_64) (WARNING: The server did not provide any stacktrace information)
Command duration or timeout: 27.98 seconds
Build info: version: &apos;2.39.0&apos;, revision: &apos;14fa800511cc5d66d426e08b0b2ab926c7ed7398&apos;, time: &apos;2013-12-16 13:18:38&apos;
System info: host: &apos;Abankwah&apos;, ip: &apos;192.168.40.1&apos;, os.name: &apos;Windows NT (unknown)&apos;, os.arch: &apos;amd64&apos;, os.version: &apos;6.2&apos;, java.version: &apos;1.7.0_05&apos;
Driver info: org.openqa.selenium.chrome.ChromeDriver
	at org.openqa.selenium.remote.ErrorHandler.createThrowable(ErrorHandler.java:193)
	at org.openqa.selenium.remote.ErrorHandler.throwIfResponseFailed(ErrorHandler.java:145)
	at org.openqa.selenium.remote.RemoteWebDriver.execute(RemoteWebDriver.java:554)
	at org.openqa.selenium.remote.RemoteWebDriver.startSession(RemoteWebDriver.java:216)
	at org.openqa.selenium.chrome.ChromeDriver.startSession(ChromeDriver.java:182)
	at org.openqa.selenium.remote.RemoteWebDriver.&lt;init&gt;(RemoteWebDriver.java:111)
	at org.openqa.selenium.remote.RemoteWebDriver.&lt;init&gt;(RemoteWebDriver.java:115)
	at org.openqa.selenium.chrome.ChromeDriver.&lt;init&gt;(ChromeDriver.java:161)
	at org.openqa.selenium.chrome.ChromeDriver.&lt;init&gt;(ChromeDriver.java:150)
	at org.openqa.selenium.chrome.ChromeDriver.&lt;init&gt;(ChromeDriver.java:107)
	at script1388208974142481600680.run_closure1(script1388208974142481600680.groovy:7)
	at geb.driver.CallbackDriverFactory.getDriver(CallbackDriverFactory.groovy:29)
</error>
  </testcase>
  <system-out><![CDATA[--Output from User Login--
]]></system-out>
  <system-err><![CDATA[--Output from User Login--
]]></system-err>
</testsuite>
